<?xml version="1.0" encoding="UTF-8"?>
<testng-results skipped="0" failed="0" ignored="0" total="1" passed="1">
  <reporter-output>
  </reporter-output>
  <suite name="Default suite" duration-ms="11214" started-at="2020-04-10T16:17:59Z" finished-at="2020-04-10T16:18:10Z">
    <groups>
    </groups>
    <test name="Default test" duration-ms="11214" started-at="2020-04-10T16:17:59Z" finished-at="2020-04-10T16:18:10Z">
      <class name="tests.PriceTableTest">
        <test-method status="PASS" signature="setDriver(java.lang.String)[pri:0, instance:tests.PriceTableTest@cb5822]" name="setDriver" is-config="true" duration-ms="4926" started-at="2020-04-10T16:17:59Z" finished-at="2020-04-10T16:18:04Z">
          <params>
            <param index="0">
              <value>
                <![CDATA[chrome]]>
              </value>
            </param>
          </params>
          <reporter-output>
          </reporter-output>
        </test-method> <!-- setDriver -->
        <test-method status="PASS" signature="minPriceTest()[pri:0, instance:tests.PriceTableTest@cb5822]" name="minPriceTest" duration-ms="5384" started-at="2020-04-10T16:18:04Z" finished-at="2020-04-10T16:18:09Z">
          <reporter-output>
          </reporter-output>
        </test-method> <!-- minPriceTest -->
        <test-method status="PASS" signature="quitDriver()[pri:0, instance:tests.PriceTableTest@cb5822]" name="quitDriver" is-config="true" duration-ms="749" started-at="2020-04-10T16:18:09Z" finished-at="2020-04-10T16:18:10Z">
          <reporter-output>
          </reporter-output>
        </test-method> <!-- quitDriver -->
      </class> <!-- tests.PriceTableTest -->
    </test> <!-- Default test -->
  </suite> <!-- Default suite -->
</testng-results>
