<?xml version="1.0" encoding="UTF-8"?>
<!-- Generated by org.testng.reporters.JUnitXMLReporter -->
<testsuite hostname="selenium-PC" ignored="0" name="Default test" tests="5" failures="0" timestamp="29 Mar 2020 10:35:24 GMT" time="29.253" errors="0">
  <testcase name="tableRowTest" time="6.173" classname="test.CheckBoxSelectionBDDTest"/>
  <testcase name="tableRowTest" time="4.716" classname="test.CheckBoxSelectionBDDTest"/>
  <testcase name="tableRowTest" time="5.111" classname="test.CheckBoxSelectionBDDTest"/>
  <testcase name="tableRowTest" time="4.599" classname="test.CheckBoxSelectionBDDTest"/>
  <testcase name="tableRowTest" time="4.583" classname="test.CheckBoxSelectionBDDTest"/>
</testsuite> <!-- Default test -->
