<?xml version="1.0" encoding="UTF-8"?>
<testng-results skipped="0" failed="0" ignored="0" total="1" passed="1">
  <reporter-output>
  </reporter-output>
  <suite name="Default suite" duration-ms="15695" started-at="2020-03-22T17:47:33Z" finished-at="2020-03-22T17:47:48Z">
    <groups>
    </groups>
    <test name="Default test" duration-ms="15695" started-at="2020-03-22T17:47:33Z" finished-at="2020-03-22T17:47:48Z">
      <class name="DriverTest">
        <test-method status="PASS" signature="setDriver(java.lang.String)[pri:0, instance:DriverTest@8bd1b6a]" name="setDriver" is-config="true" duration-ms="10913" started-at="2020-03-22T17:47:33Z" finished-at="2020-03-22T17:47:44Z">
          <params>
            <param index="0">
              <value>
                <![CDATA[chrome]]>
              </value>
            </param>
          </params>
          <reporter-output>
          </reporter-output>
        </test-method> <!-- setDriver -->
        <test-method status="PASS" signature="googleTest()[pri:0, instance:DriverTest@8bd1b6a]" name="googleTest" duration-ms="3885" started-at="2020-03-22T17:47:44Z" finished-at="2020-03-22T17:47:48Z">
          <reporter-output>
          </reporter-output>
        </test-method> <!-- googleTest -->
        <test-method status="PASS" signature="quitDriver()[pri:0, instance:DriverTest@8bd1b6a]" name="quitDriver" is-config="true" duration-ms="860" started-at="2020-03-22T17:47:48Z" finished-at="2020-03-22T17:47:48Z">
          <reporter-output>
          </reporter-output>
        </test-method> <!-- quitDriver -->
      </class> <!-- DriverTest -->
    </test> <!-- Default test -->
  </suite> <!-- Default suite -->
</testng-results>
